2024-11-21 14:50:04.818 [fatal] Failed to connect database: pq: database "jam_test" does not exist
C:/Users/zhuan/Desktop/go-wallet/db/postgres/postgres.go:41 (0xbde525)
	Init: log.Fatalf("Failed to connect database: %v", err)
C:/Users/zhuan/Desktop/go-wallet/db/db.go:6 (0xbde5ef)
	Init: postgres.Init()
C:/Users/zhuan/Desktop/go-wallet/main.go:25 (0xbde6f8)
	init.0: db.Init()
C:/Program Files/Go/src/runtime/proc.go:7176 (0x511f02)
	doInit1: f()
C:/Program Files/Go/src/runtime/proc.go:7143 (0x511dcd)
	doInit: doInit1(t)
C:/Program Files/Go/src/runtime/proc.go:253 (0x50445e)
	main: doInit(m.inittasks)
C:/Program Files/Go/src/runtime/asm_amd64.s:1695 (0x535761)
	goexit: BYTE	$0x90	// NOP
2024-11-21 15:01:47.062 [error] sql: no rows in result set
C:/Users/zhuan/Desktop/go-wallet/db/wallet.go:23 (0xa47371)
	GetAddressByEmailAndChain: log.Error(err)
C:/Users/zhuan/Desktop/go-wallet/api/wallet/deposit.go:17 (0xa47992)
	Deposit: db.GetAddressByEmailAndChain(req.Email, "ethereum")
C:/Users/zhuan/go/pkg/mod/github.com/gin-gonic/gin@v1.10.0/context.go:185 (0x9f271a)
	(*Context).Next: c.handlers[c.index](c)
C:/Users/zhuan/go/pkg/mod/github.com/gin-gonic/gin@v1.10.0/recovery.go:102 (0x9fbd9d)
	CustomRecoveryWithWriter.func1: c.Next()
C:/Users/zhuan/go/pkg/mod/github.com/gin-gonic/gin@v1.10.0/context.go:185 (0x9f271a)
	(*Context).Next: c.handlers[c.index](c)
C:/Users/zhuan/go/pkg/mod/github.com/gin-gonic/gin@v1.10.0/logger.go:249 (0x9fa5f2)
	LoggerWithConfig.func1: c.Next()
C:/Users/zhuan/go/pkg/mod/github.com/gin-gonic/gin@v1.10.0/context.go:185 (0x9f271a)
	(*Context).Next: c.handlers[c.index](c)
C:/Users/zhuan/go/pkg/mod/github.com/gin-gonic/gin@v1.10.0/gin.go:633 (0x9f840a)
	(*Engine).handleHTTPRequest: c.Next()
C:/Users/zhuan/go/pkg/mod/github.com/gin-gonic/gin@v1.10.0/gin.go:589 (0x9f7f5c)
	(*Engine).ServeHTTP: engine.handleHTTPRequest(c)
C:/Program Files/Go/src/net/http/server.go:3137 (0x715777)
	serverHandler.ServeHTTP: handler.ServeHTTP(rw, req)
C:/Program Files/Go/src/net/http/server.go:2039 (0x710b55)
	(*conn).serve: serverHandler{c.server}.ServeHTTP(w, w.req)
C:/Program Files/Go/src/runtime/asm_amd64.s:1695 (0x385761)
	goexit: BYTE	$0x90	// NOP
2024-11-21 16:25:34.178 [panic] ads
C:/Users/zhuan/Desktop/go-wallet/db/postgres/command.go:110 (0x868798)
	Trans: log.Panic(err)
C:/Users/zhuan/Desktop/go-wallet/db/wallet.go:58 (0x86a1b5)
	Withdraw: postgres.Trans(func(sqlTx *sql.Tx) error {
C:/Users/zhuan/Desktop/go-wallet/api/wallet/withdraw.go:27 (0x86be7d)
	Withdraw: resp, err := db.Withdraw(req)
C:/Users/zhuan/go/pkg/mod/github.com/gin-gonic/gin@v1.10.0/context.go:185 (0x7fc8da)
	(*Context).Next: c.handlers[c.index](c)
C:/Users/zhuan/go/pkg/mod/github.com/gin-gonic/gin@v1.10.0/recovery.go:102 (0x805f5d)
	CustomRecoveryWithWriter.func1: c.Next()
C:/Users/zhuan/go/pkg/mod/github.com/gin-gonic/gin@v1.10.0/context.go:185 (0x7fc8da)
	(*Context).Next: c.handlers[c.index](c)
C:/Users/zhuan/go/pkg/mod/github.com/gin-gonic/gin@v1.10.0/logger.go:249 (0x8047b2)
	LoggerWithConfig.func1: c.Next()
C:/Users/zhuan/go/pkg/mod/github.com/gin-gonic/gin@v1.10.0/context.go:185 (0x7fc8da)
	(*Context).Next: c.handlers[c.index](c)
C:/Users/zhuan/go/pkg/mod/github.com/gin-gonic/gin@v1.10.0/gin.go:633 (0x8025ca)
	(*Engine).handleHTTPRequest: c.Next()
C:/Users/zhuan/go/pkg/mod/github.com/gin-gonic/gin@v1.10.0/gin.go:589 (0x80211c)
	(*Engine).ServeHTTP: engine.handleHTTPRequest(c)
C:/Program Files/Go/src/net/http/server.go:3137 (0x51f717)
	serverHandler.ServeHTTP: handler.ServeHTTP(rw, req)
C:/Program Files/Go/src/net/http/server.go:2039 (0x51aaf5)
	(*conn).serve: serverHandler{c.server}.ServeHTTP(w, w.req)
C:/Program Files/Go/src/runtime/asm_amd64.s:1695 (0x185761)
	goexit: BYTE	$0x90	// NOP


[31m2024/11/21 16:25:34 [Recovery] 2024/11/21 - 16:25:34 panic recovered:
&{%!s(*logrus.Logger=&{0xc000110390 map[] 0xd7b100 false 2 {{0 0} false} {{} <nil> 0 0xc000678008 32 <nil>} <nil> <nil>}) map[] 2024-11-21 16:25:34.1781618 +0800 CST m=+5.240277801 panic %!s(*runtime.Frame=<nil>) ads
C:/Users/zhuan/Desktop/go-wallet/db/postgres/command.go:110 (0x868798)
	Trans: log.Panic(err)
C:/Users/zhuan/Desktop/go-wallet/db/wallet.go:58 (0x86a1b5)
	Withdraw: postgres.Trans(func(sqlTx *sql.Tx) error {
C:/Users/zhuan/Desktop/go-wallet/api/wallet/withdraw.go:27 (0x86be7d)
	Withdraw: resp, err := db.Withdraw(req)
C:/Users/zhuan/go/pkg/mod/github.com/gin-gonic/gin@v1.10.0/context.go:185 (0x7fc8da)
	(*Context).Next: c.handlers[c.index](c)
C:/Users/zhuan/go/pkg/mod/github.com/gin-gonic/gin@v1.10.0/recovery.go:102 (0x805f5d)
	CustomRecoveryWithWriter.func1: c.Next()
C:/Users/zhuan/go/pkg/mod/github.com/gin-gonic/gin@v1.10.0/context.go:185 (0x7fc8da)
	(*Context).Next: c.handlers[c.index](c)
C:/Users/zhuan/go/pkg/mod/github.com/gin-gonic/gin@v1.10.0/logger.go:249 (0x8047b2)
	LoggerWithConfig.func1: c.Next()
C:/Users/zhuan/go/pkg/mod/github.com/gin-gonic/gin@v1.10.0/context.go:185 (0x7fc8da)
	(*Context).Next: c.handlers[c.index](c)
C:/Users/zhuan/go/pkg/mod/github.com/gin-gonic/gin@v1.10.0/gin.go:633 (0x8025ca)
	(*Engine).handleHTTPRequest: c.Next()
C:/Users/zhuan/go/pkg/mod/github.com/gin-gonic/gin@v1.10.0/gin.go:589 (0x80211c)
	(*Engine).ServeHTTP: engine.handleHTTPRequest(c)
C:/Program Files/Go/src/net/http/server.go:3137 (0x51f717)
	serverHandler.ServeHTTP: handler.ServeHTTP(rw, req)
C:/Program Files/Go/src/net/http/server.go:2039 (0x51aaf5)
	(*conn).serve: serverHandler{c.server}.ServeHTTP(w, w.req)
C:/Program Files/Go/src/runtime/asm_amd64.s:1695 (0x185761)
	goexit: BYTE	$0x90	// NOP
 <nil> <nil> }
C:/Users/zhuan/Desktop/go-wallet/db/postgres/command.go:90 (0x868a74)
	Trans.func1: panic(p)
C:/Program Files/Go/src/runtime/panic.go:770 (0x151275)
	gopanic: fn()
C:/Users/zhuan/go/pkg/mod/github.com/sirupsen/logrus@v1.9.3/entry.go:260 (0x684014)
	(*Entry).log: panic(newEntry)
C:/Users/zhuan/go/pkg/mod/github.com/sirupsen/logrus@v1.9.3/entry.go:304 (0x684ae7)
	(*Entry).Log: entry.log(level, fmt.Sprint(args...))
C:/Users/zhuan/go/pkg/mod/github.com/sirupsen/logrus@v1.9.3/logger.go:204 (0x685b24)
	(*Logger).Log: entry.Log(level, args...)
C:/Users/zhuan/go/pkg/mod/github.com/sirupsen/logrus@v1.9.3/logger.go:253 (0x685e31)
	(*Logger).Panic: logger.Log(PanicLevel, args...)
C:/Users/zhuan/Desktop/go-wallet/util/log/log.go:225 (0x692531)
	Panic: logger.Error.Panic(msg)
C:/Users/zhuan/Desktop/go-wallet/db/postgres/command.go:110 (0x868797)
	Trans: log.Panic(err)
C:/Users/zhuan/Desktop/go-wallet/db/wallet.go:58 (0x86a1b4)
	Withdraw: postgres.Trans(func(sqlTx *sql.Tx) error {
C:/Users/zhuan/Desktop/go-wallet/api/wallet/withdraw.go:27 (0x86be7c)
	Withdraw: resp, err := db.Withdraw(req)
C:/Users/zhuan/go/pkg/mod/github.com/gin-gonic/gin@v1.10.0/context.go:185 (0x7fc8d9)
	(*Context).Next: c.handlers[c.index](c)
C:/Users/zhuan/go/pkg/mod/github.com/gin-gonic/gin@v1.10.0/recovery.go:102 (0x805f5c)
	CustomRecoveryWithWriter.func1: c.Next()
C:/Users/zhuan/go/pkg/mod/github.com/gin-gonic/gin@v1.10.0/context.go:185 (0x7fc8d9)
	(*Context).Next: c.handlers[c.index](c)
C:/Users/zhuan/go/pkg/mod/github.com/gin-gonic/gin@v1.10.0/logger.go:249 (0x8047b1)
	LoggerWithConfig.func1: c.Next()
C:/Users/zhuan/go/pkg/mod/github.com/gin-gonic/gin@v1.10.0/context.go:185 (0x7fc8d9)
	(*Context).Next: c.handlers[c.index](c)
C:/Users/zhuan/go/pkg/mod/github.com/gin-gonic/gin@v1.10.0/gin.go:633 (0x8025c9)
	(*Engine).handleHTTPRequest: c.Next()
C:/Users/zhuan/go/pkg/mod/github.com/gin-gonic/gin@v1.10.0/gin.go:589 (0x80211b)
	(*Engine).ServeHTTP: engine.handleHTTPRequest(c)
C:/Program Files/Go/src/net/http/server.go:3137 (0x51f716)
	serverHandler.ServeHTTP: handler.ServeHTTP(rw, req)
C:/Program Files/Go/src/net/http/server.go:2039 (0x51aaf4)
	(*conn).serve: serverHandler{c.server}.ServeHTTP(w, w.req)
C:/Program Files/Go/src/runtime/asm_amd64.s:1695 (0x185760)
	goexit: BYTE	$0x90	// NOP
[0m
2024-11-21 16:26:10.371 [panic] ads
C:/Users/zhuan/Desktop/go-wallet/db/postgres/command.go:110 (0x868798)
	Trans: log.Panic(err)
C:/Users/zhuan/Desktop/go-wallet/db/wallet.go:58 (0x86a1b5)
	Withdraw: postgres.Trans(func(sqlTx *sql.Tx) error {
C:/Users/zhuan/Desktop/go-wallet/api/wallet/withdraw.go:27 (0x86be7d)
	Withdraw: resp, err := db.Withdraw(req)
C:/Users/zhuan/go/pkg/mod/github.com/gin-gonic/gin@v1.10.0/context.go:185 (0x7fc8da)
	(*Context).Next: c.handlers[c.index](c)
C:/Users/zhuan/go/pkg/mod/github.com/gin-gonic/gin@v1.10.0/recovery.go:102 (0x805f5d)
	CustomRecoveryWithWriter.func1: c.Next()
C:/Users/zhuan/go/pkg/mod/github.com/gin-gonic/gin@v1.10.0/context.go:185 (0x7fc8da)
	(*Context).Next: c.handlers[c.index](c)
C:/Users/zhuan/go/pkg/mod/github.com/gin-gonic/gin@v1.10.0/logger.go:249 (0x8047b2)
	LoggerWithConfig.func1: c.Next()
C:/Users/zhuan/go/pkg/mod/github.com/gin-gonic/gin@v1.10.0/context.go:185 (0x7fc8da)
	(*Context).Next: c.handlers[c.index](c)
C:/Users/zhuan/go/pkg/mod/github.com/gin-gonic/gin@v1.10.0/gin.go:633 (0x8025ca)
	(*Engine).handleHTTPRequest: c.Next()
C:/Users/zhuan/go/pkg/mod/github.com/gin-gonic/gin@v1.10.0/gin.go:589 (0x80211c)
	(*Engine).ServeHTTP: engine.handleHTTPRequest(c)
C:/Program Files/Go/src/net/http/server.go:3137 (0x51f717)
	serverHandler.ServeHTTP: handler.ServeHTTP(rw, req)
C:/Program Files/Go/src/net/http/server.go:2039 (0x51aaf5)
	(*conn).serve: serverHandler{c.server}.ServeHTTP(w, w.req)
C:/Program Files/Go/src/runtime/asm_amd64.s:1695 (0x185761)
	goexit: BYTE	$0x90	// NOP


[31m2024/11/21 16:26:10 [Recovery] 2024/11/21 - 16:26:10 panic recovered:
&{%!s(*logrus.Logger=&{0xc000110390 map[] 0xd7b100 false 2 {{0 0} false} {{} <nil> 0 0xc000353908 32 <nil>} <nil> <nil>}) map[] 2024-11-21 16:26:10.3713865 +0800 CST m=+41.433502501 panic %!s(*runtime.Frame=<nil>) ads
C:/Users/zhuan/Desktop/go-wallet/db/postgres/command.go:110 (0x868798)
	Trans: log.Panic(err)
C:/Users/zhuan/Desktop/go-wallet/db/wallet.go:58 (0x86a1b5)
	Withdraw: postgres.Trans(func(sqlTx *sql.Tx) error {
C:/Users/zhuan/Desktop/go-wallet/api/wallet/withdraw.go:27 (0x86be7d)
	Withdraw: resp, err := db.Withdraw(req)
C:/Users/zhuan/go/pkg/mod/github.com/gin-gonic/gin@v1.10.0/context.go:185 (0x7fc8da)
	(*Context).Next: c.handlers[c.index](c)
C:/Users/zhuan/go/pkg/mod/github.com/gin-gonic/gin@v1.10.0/recovery.go:102 (0x805f5d)
	CustomRecoveryWithWriter.func1: c.Next()
C:/Users/zhuan/go/pkg/mod/github.com/gin-gonic/gin@v1.10.0/context.go:185 (0x7fc8da)
	(*Context).Next: c.handlers[c.index](c)
C:/Users/zhuan/go/pkg/mod/github.com/gin-gonic/gin@v1.10.0/logger.go:249 (0x8047b2)
	LoggerWithConfig.func1: c.Next()
C:/Users/zhuan/go/pkg/mod/github.com/gin-gonic/gin@v1.10.0/context.go:185 (0x7fc8da)
	(*Context).Next: c.handlers[c.index](c)
C:/Users/zhuan/go/pkg/mod/github.com/gin-gonic/gin@v1.10.0/gin.go:633 (0x8025ca)
	(*Engine).handleHTTPRequest: c.Next()
C:/Users/zhuan/go/pkg/mod/github.com/gin-gonic/gin@v1.10.0/gin.go:589 (0x80211c)
	(*Engine).ServeHTTP: engine.handleHTTPRequest(c)
C:/Program Files/Go/src/net/http/server.go:3137 (0x51f717)
	serverHandler.ServeHTTP: handler.ServeHTTP(rw, req)
C:/Program Files/Go/src/net/http/server.go:2039 (0x51aaf5)
	(*conn).serve: serverHandler{c.server}.ServeHTTP(w, w.req)
C:/Program Files/Go/src/runtime/asm_amd64.s:1695 (0x185761)
	goexit: BYTE	$0x90	// NOP
 <nil> <nil> }
C:/Users/zhuan/Desktop/go-wallet/db/postgres/command.go:90 (0x868a74)
	Trans.func1: panic(p)
C:/Program Files/Go/src/runtime/panic.go:770 (0x151275)
	gopanic: fn()
C:/Users/zhuan/go/pkg/mod/github.com/sirupsen/logrus@v1.9.3/entry.go:260 (0x684014)
	(*Entry).log: panic(newEntry)
C:/Users/zhuan/go/pkg/mod/github.com/sirupsen/logrus@v1.9.3/entry.go:304 (0x684ae7)
	(*Entry).Log: entry.log(level, fmt.Sprint(args...))
C:/Users/zhuan/go/pkg/mod/github.com/sirupsen/logrus@v1.9.3/logger.go:204 (0x685b24)
	(*Logger).Log: entry.Log(level, args...)
C:/Users/zhuan/go/pkg/mod/github.com/sirupsen/logrus@v1.9.3/logger.go:253 (0x685e31)
	(*Logger).Panic: logger.Log(PanicLevel, args...)
C:/Users/zhuan/Desktop/go-wallet/util/log/log.go:225 (0x692531)
	Panic: logger.Error.Panic(msg)
C:/Users/zhuan/Desktop/go-wallet/db/postgres/command.go:110 (0x868797)
	Trans: log.Panic(err)
C:/Users/zhuan/Desktop/go-wallet/db/wallet.go:58 (0x86a1b4)
	Withdraw: postgres.Trans(func(sqlTx *sql.Tx) error {
C:/Users/zhuan/Desktop/go-wallet/api/wallet/withdraw.go:27 (0x86be7c)
	Withdraw: resp, err := db.Withdraw(req)
C:/Users/zhuan/go/pkg/mod/github.com/gin-gonic/gin@v1.10.0/context.go:185 (0x7fc8d9)
	(*Context).Next: c.handlers[c.index](c)
C:/Users/zhuan/go/pkg/mod/github.com/gin-gonic/gin@v1.10.0/recovery.go:102 (0x805f5c)
	CustomRecoveryWithWriter.func1: c.Next()
C:/Users/zhuan/go/pkg/mod/github.com/gin-gonic/gin@v1.10.0/context.go:185 (0x7fc8d9)
	(*Context).Next: c.handlers[c.index](c)
C:/Users/zhuan/go/pkg/mod/github.com/gin-gonic/gin@v1.10.0/logger.go:249 (0x8047b1)
	LoggerWithConfig.func1: c.Next()
C:/Users/zhuan/go/pkg/mod/github.com/gin-gonic/gin@v1.10.0/context.go:185 (0x7fc8d9)
	(*Context).Next: c.handlers[c.index](c)
C:/Users/zhuan/go/pkg/mod/github.com/gin-gonic/gin@v1.10.0/gin.go:633 (0x8025c9)
	(*Engine).handleHTTPRequest: c.Next()
C:/Users/zhuan/go/pkg/mod/github.com/gin-gonic/gin@v1.10.0/gin.go:589 (0x80211b)
	(*Engine).ServeHTTP: engine.handleHTTPRequest(c)
C:/Program Files/Go/src/net/http/server.go:3137 (0x51f716)
	serverHandler.ServeHTTP: handler.ServeHTTP(rw, req)
C:/Program Files/Go/src/net/http/server.go:2039 (0x51aaf4)
	(*conn).serve: serverHandler{c.server}.ServeHTTP(w, w.req)
C:/Program Files/Go/src/runtime/asm_amd64.s:1695 (0x185760)
	goexit: BYTE	$0x90	// NOP
[0m
2024-11-21 16:34:46.936 [error] pq: syntax error at or near "from"
C:/Users/zhuan/Desktop/go-wallet/db/wallet.go:116 (0x153aec5)
	insertTxHistory: log.Error(err)
C:/Users/zhuan/Desktop/go-wallet/db/wallet.go:68 (0x153a3e7)
	Withdraw.func1: err = insertTxHistory(sqlTx, req.Email, req.Destination, req.Chain, req.CoinType, req.Value)
C:/Users/zhuan/Desktop/go-wallet/db/postgres/command.go:104 (0x1538642)
	Trans: err = txFunc(tx)
C:/Users/zhuan/Desktop/go-wallet/db/wallet.go:63 (0x153a275)
	Withdraw: postgres.Trans(func(sqlTx *sql.Tx) error {
C:/Users/zhuan/Desktop/go-wallet/api/wallet/withdraw.go:27 (0x153c51d)
	Withdraw: resp, err := db.Withdraw(req)
C:/Users/zhuan/go/pkg/mod/github.com/gin-gonic/gin@v1.10.0/context.go:185 (0x14cc8da)
	(*Context).Next: c.handlers[c.index](c)
C:/Users/zhuan/go/pkg/mod/github.com/gin-gonic/gin@v1.10.0/recovery.go:102 (0x14d5f5d)
	CustomRecoveryWithWriter.func1: c.Next()
C:/Users/zhuan/go/pkg/mod/github.com/gin-gonic/gin@v1.10.0/context.go:185 (0x14cc8da)
	(*Context).Next: c.handlers[c.index](c)
C:/Users/zhuan/go/pkg/mod/github.com/gin-gonic/gin@v1.10.0/logger.go:249 (0x14d47b2)
	LoggerWithConfig.func1: c.Next()
C:/Users/zhuan/go/pkg/mod/github.com/gin-gonic/gin@v1.10.0/context.go:185 (0x14cc8da)
	(*Context).Next: c.handlers[c.index](c)
C:/Users/zhuan/go/pkg/mod/github.com/gin-gonic/gin@v1.10.0/gin.go:633 (0x14d25ca)
	(*Engine).handleHTTPRequest: c.Next()
C:/Users/zhuan/go/pkg/mod/github.com/gin-gonic/gin@v1.10.0/gin.go:589 (0x14d211c)
	(*Engine).ServeHTTP: engine.handleHTTPRequest(c)
C:/Program Files/Go/src/net/http/server.go:3137 (0x11ef717)
	serverHandler.ServeHTTP: handler.ServeHTTP(rw, req)
C:/Program Files/Go/src/net/http/server.go:2039 (0x11eaaf5)
	(*conn).serve: serverHandler{c.server}.ServeHTTP(w, w.req)
C:/Program Files/Go/src/runtime/asm_amd64.s:1695 (0xe55761)
	goexit: BYTE	$0x90	// NOP
2024-11-21 18:46:04.389 [error] SELECT chain, coin_type, balance AS value FROM user_balance WHERE email = $1
2024-11-21 18:46:04.390 [panic] sql: converting argument $1 type: unsupported type []interface {}, a slice of interface
C:/Users/zhuan/Desktop/go-wallet/db/wallet.go:211 (0xe72b26)
	GetBalances: log.Panic(err)
C:/Users/zhuan/Desktop/go-wallet/api/wallet/balance.go:16 (0xe731db)
	Balance: resp, err := db.GetBalances(req.Email)
C:/Users/zhuan/go/pkg/mod/github.com/gin-gonic/gin@v1.10.0/context.go:185 (0xe023da)
	(*Context).Next: c.handlers[c.index](c)
C:/Users/zhuan/go/pkg/mod/github.com/gin-gonic/gin@v1.10.0/recovery.go:102 (0xe0bafd)
	CustomRecoveryWithWriter.func1: c.Next()
C:/Users/zhuan/go/pkg/mod/github.com/gin-gonic/gin@v1.10.0/context.go:185 (0xe023da)
	(*Context).Next: c.handlers[c.index](c)
C:/Users/zhuan/go/pkg/mod/github.com/gin-gonic/gin@v1.10.0/logger.go:249 (0xe0a352)
	LoggerWithConfig.func1: c.Next()
C:/Users/zhuan/go/pkg/mod/github.com/gin-gonic/gin@v1.10.0/context.go:185 (0xe023da)
	(*Context).Next: c.handlers[c.index](c)
C:/Users/zhuan/go/pkg/mod/github.com/gin-gonic/gin@v1.10.0/gin.go:633 (0xe0816a)
	(*Engine).handleHTTPRequest: c.Next()
C:/Users/zhuan/go/pkg/mod/github.com/gin-gonic/gin@v1.10.0/gin.go:589 (0xe07cbc)
	(*Engine).ServeHTTP: engine.handleHTTPRequest(c)
C:/Program Files/Go/src/net/http/server.go:3137 (0xb1fef7)
	serverHandler.ServeHTTP: handler.ServeHTTP(rw, req)
C:/Program Files/Go/src/net/http/server.go:2039 (0xb1b2d5)
	(*conn).serve: serverHandler{c.server}.ServeHTTP(w, w.req)
C:/Program Files/Go/src/runtime/asm_amd64.s:1695 (0x785761)
	goexit: BYTE	$0x90	// NOP


[31m2024/11/21 18:46:04 [Recovery] 2024/11/21 - 18:46:04 panic recovered:
&{%!s(*logrus.Logger=&{0xc00015a108 map[] 0x13881a0 false 2 {{0 0} false} {{} <nil> 0 0xc000551308 32 <nil>} <nil> <nil>}) map[] 2024-11-21 18:46:04.3909021 +0800 CST m=+7.116603901 panic %!s(*runtime.Frame=<nil>) sql: converting argument $1 type: unsupported type []interface {}, a slice of interface
C:/Users/zhuan/Desktop/go-wallet/db/wallet.go:211 (0xe72b26)
	GetBalances: log.Panic(err)
C:/Users/zhuan/Desktop/go-wallet/api/wallet/balance.go:16 (0xe731db)
	Balance: resp, err := db.GetBalances(req.Email)
C:/Users/zhuan/go/pkg/mod/github.com/gin-gonic/gin@v1.10.0/context.go:185 (0xe023da)
	(*Context).Next: c.handlers[c.index](c)
C:/Users/zhuan/go/pkg/mod/github.com/gin-gonic/gin@v1.10.0/recovery.go:102 (0xe0bafd)
	CustomRecoveryWithWriter.func1: c.Next()
C:/Users/zhuan/go/pkg/mod/github.com/gin-gonic/gin@v1.10.0/context.go:185 (0xe023da)
	(*Context).Next: c.handlers[c.index](c)
C:/Users/zhuan/go/pkg/mod/github.com/gin-gonic/gin@v1.10.0/logger.go:249 (0xe0a352)
	LoggerWithConfig.func1: c.Next()
C:/Users/zhuan/go/pkg/mod/github.com/gin-gonic/gin@v1.10.0/context.go:185 (0xe023da)
	(*Context).Next: c.handlers[c.index](c)
C:/Users/zhuan/go/pkg/mod/github.com/gin-gonic/gin@v1.10.0/gin.go:633 (0xe0816a)
	(*Engine).handleHTTPRequest: c.Next()
C:/Users/zhuan/go/pkg/mod/github.com/gin-gonic/gin@v1.10.0/gin.go:589 (0xe07cbc)
	(*Engine).ServeHTTP: engine.handleHTTPRequest(c)
C:/Program Files/Go/src/net/http/server.go:3137 (0xb1fef7)
	serverHandler.ServeHTTP: handler.ServeHTTP(rw, req)
C:/Program Files/Go/src/net/http/server.go:2039 (0xb1b2d5)
	(*conn).serve: serverHandler{c.server}.ServeHTTP(w, w.req)
C:/Program Files/Go/src/runtime/asm_amd64.s:1695 (0x785761)
	goexit: BYTE	$0x90	// NOP
 <nil> <nil> }
C:/Users/zhuan/go/pkg/mod/github.com/sirupsen/logrus@v1.9.3/entry.go:260 (0xc847f4)
	(*Entry).log: panic(newEntry)
C:/Users/zhuan/go/pkg/mod/github.com/sirupsen/logrus@v1.9.3/entry.go:304 (0xc852c7)
	(*Entry).Log: entry.log(level, fmt.Sprint(args...))
C:/Users/zhuan/go/pkg/mod/github.com/sirupsen/logrus@v1.9.3/logger.go:204 (0xc86304)
	(*Logger).Log: entry.Log(level, args...)
C:/Users/zhuan/go/pkg/mod/github.com/sirupsen/logrus@v1.9.3/logger.go:253 (0xc86611)
	(*Logger).Panic: logger.Log(PanicLevel, args...)
C:/Users/zhuan/Desktop/go-wallet/util/log/log.go:225 (0xc92d11)
	Panic: logger.Error.Panic(msg)
C:/Users/zhuan/Desktop/go-wallet/db/wallet.go:211 (0xe72b25)
	GetBalances: log.Panic(err)
C:/Users/zhuan/Desktop/go-wallet/api/wallet/balance.go:16 (0xe731da)
	Balance: resp, err := db.GetBalances(req.Email)
C:/Users/zhuan/go/pkg/mod/github.com/gin-gonic/gin@v1.10.0/context.go:185 (0xe023d9)
	(*Context).Next: c.handlers[c.index](c)
C:/Users/zhuan/go/pkg/mod/github.com/gin-gonic/gin@v1.10.0/recovery.go:102 (0xe0bafc)
	CustomRecoveryWithWriter.func1: c.Next()
C:/Users/zhuan/go/pkg/mod/github.com/gin-gonic/gin@v1.10.0/context.go:185 (0xe023d9)
	(*Context).Next: c.handlers[c.index](c)
C:/Users/zhuan/go/pkg/mod/github.com/gin-gonic/gin@v1.10.0/logger.go:249 (0xe0a351)
	LoggerWithConfig.func1: c.Next()
C:/Users/zhuan/go/pkg/mod/github.com/gin-gonic/gin@v1.10.0/context.go:185 (0xe023d9)
	(*Context).Next: c.handlers[c.index](c)
C:/Users/zhuan/go/pkg/mod/github.com/gin-gonic/gin@v1.10.0/gin.go:633 (0xe08169)
	(*Engine).handleHTTPRequest: c.Next()
C:/Users/zhuan/go/pkg/mod/github.com/gin-gonic/gin@v1.10.0/gin.go:589 (0xe07cbb)
	(*Engine).ServeHTTP: engine.handleHTTPRequest(c)
C:/Program Files/Go/src/net/http/server.go:3137 (0xb1fef6)
	serverHandler.ServeHTTP: handler.ServeHTTP(rw, req)
C:/Program Files/Go/src/net/http/server.go:2039 (0xb1b2d4)
	(*conn).serve: serverHandler{c.server}.ServeHTTP(w, w.req)
C:/Program Files/Go/src/runtime/asm_amd64.s:1695 (0x785760)
	goexit: BYTE	$0x90	// NOP
[0m
2024-11-22 09:55:24.632 [fatal] Failed to connect database: read tcp 198.18.0.1:60619->172.17.0.2:5432: wsarecv: An existing connection was forcibly closed by the remote host.
C:/Users/zhuan/Desktop/go-wallet/db/postgres/postgres.go:41 (0x166acbb)
	Init: log.Fatalf("Failed to connect database: %v", err)
C:/Users/zhuan/Desktop/go-wallet/db/db.go:6 (0x167846f)
	Init: postgres.Init()
C:/Users/zhuan/Desktop/go-wallet/main.go:25 (0x167f9d8)
	init.0: db.Init()
C:/Program Files/Go/src/runtime/proc.go:7176 (0xf61f02)
	doInit1: f()
C:/Program Files/Go/src/runtime/proc.go:7143 (0xf61dcd)
	doInit: doInit1(t)
C:/Program Files/Go/src/runtime/proc.go:253 (0xf5445e)
	main: doInit(m.inittasks)
C:/Program Files/Go/src/runtime/asm_amd64.s:1695 (0xf85761)
	goexit: BYTE	$0x90	// NOP
